d:\比特\bt数据结构\b  顺序表\b  顺序表\debug\vc120.pdb
d:\比特\bt数据结构\b  顺序表\b  顺序表\debug\vc120.idb
d:\比特\bt数据结构\b  顺序表\b  顺序表\debug\seqlist.obj
d:\比特\bt数据结构\b  顺序表\b  顺序表\debug\test.obj
d:\比特\bt数据结构\b  顺序表\debug\b  顺序表.pdb
d:\比特\bt数据结构\b  顺序表\b  顺序表\debug\b  顺序表.tlog\cl.command.1.tlog
d:\比特\bt数据结构\b  顺序表\b  顺序表\debug\b  顺序表.tlog\cl.read.1.tlog
d:\比特\bt数据结构\b  顺序表\b  顺序表\debug\b  顺序表.tlog\cl.write.1.tlog
d:\比特\bt数据结构\b  顺序表\b  顺序表\debug\b  顺序表.tlog\link-cvtres.read.1.tlog
d:\比特\bt数据结构\b  顺序表\b  顺序表\debug\b  顺序表.tlog\link-cvtres.write.1.tlog
d:\比特\bt数据结构\b  顺序表\b  顺序表\debug\b  顺序表.tlog\link-rc.read.1.tlog
d:\比特\bt数据结构\b  顺序表\b  顺序表\debug\b  顺序表.tlog\link-rc.write.1.tlog
d:\比特\bt数据结构\b  顺序表\b  顺序表\debug\b  顺序表.tlog\link.6708-cvtres.read.1.tlog
d:\比特\bt数据结构\b  顺序表\b  顺序表\debug\b  顺序表.tlog\link.6708-cvtres.write.1.tlog
d:\比特\bt数据结构\b  顺序表\b  顺序表\debug\b  顺序表.tlog\link.6708-rc.read.1.tlog
d:\比特\bt数据结构\b  顺序表\b  顺序表\debug\b  顺序表.tlog\link.6708-rc.write.1.tlog
d:\比特\bt数据结构\b  顺序表\b  顺序表\debug\b  顺序表.tlog\link.6708.read.1.tlog
d:\比特\bt数据结构\b  顺序表\b  顺序表\debug\b  顺序表.tlog\link.6708.write.1.tlog
d:\比特\bt数据结构\b  顺序表\b  顺序表\debug\b  顺序表.tlog\link.command.1.tlog
d:\比特\bt数据结构\b  顺序表\b  顺序表\debug\b  顺序表.tlog\link.read.1.tlog
d:\比特\bt数据结构\b  顺序表\b  顺序表\debug\b  顺序表.tlog\link.write.1.tlog
