生成启动时间为 2020/4/4 20:34:19。
     1>项目“F:\比特\C++题\数据结构---排序\数据结构---排序\数据结构---排序.vcxproj”在节点 2 上(Rebuild 个目标)。
     1>ClCompile:
         D:\Program Files (x86)\Microsoft Visual Studio 12.0\VC\bin\CL.exe /c /ZI /nologo /W3 /WX- /sdl /Od /Oy- /D _UNICODE /D UNICODE /Gm /EHsc /RTC1 /MDd /GS /fp:precise /Zc:wchar_t /Zc:forScope /Fo"Debug\\" /Fd"Debug\vc120.pdb" /Gd /TP /analyze- /errorReport:prompt "交换排序--冒泡排序.cpp" "插入排序--希尔排序.cpp" "选择排序--堆排序.cpp" "选择排序--直接选择排序.cpp"
         选择排序--直接选择排序.cpp
         选择排序--堆排序.cpp
         插入排序--希尔排序.cpp
         交换排序--冒泡排序.cpp
         正在生成代码...
         D:\Program Files (x86)\Microsoft Visual Studio 12.0\VC\bin\CL.exe /c /ZI /nologo /W3 /WX- /sdl /Od /Oy- /D _UNICODE /D UNICODE /Gm /EHsc /RTC1 /MDd /GS /fp:precise /Zc:wchar_t /Zc:forScope /Fo"Debug\\" /Fd"Debug\vc120.pdb" /Gd /TC /analyze- /errorReport:prompt "插入排序--直接插入排序.c"
         插入排序--直接插入排序.c
       Link:
         D:\Program Files (x86)\Microsoft Visual Studio 12.0\VC\bin\link.exe /ERRORREPORT:PROMPT /OUT:"F:\比特\C++题\数据结构---排序\Debug\数据结构---排序.exe" /INCREMENTAL /NOLOGO kernel32.lib user32.lib gdi32.lib winspool.lib comdlg32.lib advapi32.lib shell32.lib ole32.lib oleaut32.lib uuid.lib odbc32.lib odbccp32.lib /MANIFEST /MANIFESTUAC:"level='asInvoker' uiAccess='false'" /manifest:embed /DEBUG /PDB:"F:\比特\C++题\数据结构---排序\Debug\数据结构---排序.pdb" /TLBID:1 /DYNAMICBASE /NXCOMPAT /IMPLIB:"F:\比特\C++题\数据结构---排序\Debug\数据结构---排序.lib" /MACHINE:X86 "Debug\交换排序--冒泡排序.obj"
         "Debug\插入排序--希尔排序.obj"
         "Debug\插入排序--直接插入排序.obj"
         "Debug\选择排序--堆排序.obj"
         "Debug\选择排序--直接选择排序.obj"
         数据结构---排序.vcxproj -> F:\比特\C++题\数据结构---排序\Debug\数据结构---排序.exe
     1>已完成生成项目“F:\比特\C++题\数据结构---排序\数据结构---排序\数据结构---排序.vcxproj”(Rebuild 个目标)的操作。

生成成功。

已用时间 00:00:33.02
